#
# A fatal error has been detected by the Java Runtime Environment:
#
#  EXCEPTION_ACCESS_VIOLATION (0xc0000005) at pc=0x000000005e72a3c5, pid=8828, tid=6200
#
# JRE version: Java(TM) SE Runtime Environment (8.0_25-b18) (build 1.8.0_25-b18)
# Java VM: Java HotSpot(TM) 64-Bit Server VM (25.25-b02 mixed mode windows-amd64 compressed oops)
# Problematic frame:
# V  [jvm.dll+0x11a3c5]
#
# Failed to write core dump. Minidumps are not enabled by default on client versions of Windows
#
# If you would like to submit a bug report, please visit:
#   http://bugreport.sun.com/bugreport/crash.jsp
#

---------------  T H R E A D  ---------------

Current thread (0x00000000174fd800):  JavaThread "JDWP Transport Listener: dt_socket" daemon [_thread_in_vm, id=6200, stack(0x0000000018b20000,0x0000000018c20000)]

siginfo: ExceptionCode=0xc0000005, reading address 0xffffffffffffffff

Registers:
RAX=0x0000000018c1f401, RBX=0x00000000174fd800, RCX=0x6e65704f73690900, RDX=0x0000000000000000
RSP=0x0000000018c1f4a0, RBP=0x6e65704f73690900, RSI=0x0000000018c1f5b8, RDI=0x0000000002977d90
R8 =0x00000000174fd800, R9 =0x0000000000008000, R10=0x0000000000000000, R11=0x0000000018c1f723
R12=0x0000000000000000, R13=0x00000000174fe608, R14=0x0000000000000000, R15=0x0000000000000000
RIP=0x000000005e72a3c5, EFLAGS=0x0000000000010206

Top of Stack: (sp=0x0000000018c1f4a0)
0x0000000018c1f4a0:   00000000174fd800 00000000174fd800
0x0000000018c1f4b0:   0000000018c1f568 000000005e9278db
0x0000000018c1f4c0:   00000000174fd800 000000005e94413d
0x0000000018c1f4d0:   0000000000000000 000000005e569149
0x0000000018c1f4e0:   00000000190068f0 000000005e572912
0x0000000018c1f4f0:   00000000174fd800 0000000000000000
0x0000000018c1f500:   0000000000000000 0000000000000000
0x0000000018c1f510:   6e65704f73690900 000000005e571a09
0x0000000018c1f520:   0000000018c1f5b8 0000000018c1f590
0x0000000018c1f530:   0000000000000001 00000000190068f0
0x0000000018c1f540:   6e65704f73690900 000000005e5553b3
0x0000000018c1f550:   0000000018c1f680 0000000000000001
0x0000000018c1f560:   0000000000000001 00000000190068f0
0x0000000018c1f570:   0000000000000009 0000000000000000
0x0000000018c1f580:   0000000000000000 0000000000000000
0x0000000018c1f590:   0000000000000001 000000005e555571 

Instructions: (pc=0x000000005e72a3c5)
0x000000005e72a3a5:   cc cc cc cc cc cc cc cc cc cc cc 48 83 ec 28 48
0x000000005e72a3b5:   85 c9 75 07 33 c0 48 83 c4 28 c3 48 89 5c 24 20
0x000000005e72a3c5:   48 8b 19 48 85 db 74 20 48 83 fb 37 74 1a 48 8b
0x000000005e72a3d5:   13 48 8b cb ff 52 10 84 c0 74 0d 48 8b c3 48 8b 


Register to memory mapping:

RAX=0x0000000018c1f401 is pointing into the stack for thread: 0x00000000174fd800
RBX=0x00000000174fd800 is a thread
RCX=0x6e65704f73690900 is an unknown value
RDX=0x0000000000000000 is an unknown value
RSP=0x0000000018c1f4a0 is pointing into the stack for thread: 0x00000000174fd800
RBP=0x6e65704f73690900 is an unknown value
RSI=0x0000000018c1f5b8 is pointing into the stack for thread: 0x00000000174fd800
RDI=0x0000000002977d90 is an unknown value
R8 =0x00000000174fd800 is a thread
R9 =0x0000000000008000 is an unknown value
R10=0x0000000000000000 is an unknown value
R11=0x0000000018c1f723 is pointing into the stack for thread: 0x00000000174fd800
R12=0x0000000000000000 is an unknown value
R13=0x00000000174fe608 is an unknown value
R14=0x0000000000000000 is an unknown value
R15=0x0000000000000000 is an unknown value


Stack: [0x0000000018b20000,0x0000000018c20000],  sp=0x0000000018c1f4a0,  free space=1021k
Native frames: (J=compiled Java code, j=interpreted, Vv=VM code, C=native code)
V  [jvm.dll+0x11a3c5]
V  [jvm.dll+0x33413d]
C  [jdwp.dll+0x21a09]
C  [jdwp.dll+0x53b3]
C  [jdwp.dll+0x5571]
C  [jdwp.dll+0xf09c]
C  [jdwp.dll+0x1f2c9]
C  [jdwp.dll+0x1f49e]
V  [jvm.dll+0x1abba8]
V  [jvm.dll+0x22bde4]
V  [jvm.dll+0x2852fa]
C  [msvcr100.dll+0x21d9f]
C  [msvcr100.dll+0x21e3b]
C  [KERNEL32.DLL+0x13d2]
C  [ntdll.dll+0x703c4]


---------------  P R O C E S S  ---------------

Java Threads: ( => current thread )
  0x0000000017515000 JavaThread "Service Thread" daemon [_thread_blocked, id=7764, stack(0x0000000019580000,0x0000000019680000)]
  0x000000001751c800 JavaThread "C1 CompilerThread2" daemon [_thread_blocked, id=9228, stack(0x0000000019480000,0x0000000019580000)]
  0x000000001751b800 JavaThread "C2 CompilerThread1" daemon [_thread_blocked, id=9724, stack(0x0000000019380000,0x0000000019480000)]
  0x0000000017522800 JavaThread "C2 CompilerThread0" daemon [_thread_blocked, id=6972, stack(0x0000000018e80000,0x0000000018f80000)]
  0x0000000017506800 JavaThread "JDWP Command Reader" daemon [_thread_in_native, id=10184, stack(0x0000000018d80000,0x0000000018e80000)]
  0x0000000017501000 JavaThread "JDWP Event Helper Thread" daemon [_thread_blocked, id=6680, stack(0x0000000018c80000,0x0000000018d80000)]
=>0x00000000174fd800 JavaThread "JDWP Transport Listener: dt_socket" daemon [_thread_in_vm, id=6200, stack(0x0000000018b20000,0x0000000018c20000)]
  0x00000000174ed800 JavaThread "Attach Listener" daemon [_thread_blocked, id=9296, stack(0x0000000018970000,0x0000000018a70000)]
  0x00000000174ec800 JavaThread "Signal Dispatcher" daemon [_thread_blocked, id=8920, stack(0x0000000018870000,0x0000000018970000)]
  0x00000000028c9000 JavaThread "Finalizer" daemon [_thread_blocked, id=5168, stack(0x0000000018770000,0x0000000018870000)]
  0x00000000028c0000 JavaThread "Reference Handler" daemon [_thread_blocked, id=9516, stack(0x0000000018670000,0x0000000018770000)]
  0x00000000027d2800 JavaThread "main" [_thread_blocked, id=3260, stack(0x0000000000f40000,0x0000000001040000)]

Other Threads:
  0x00000000174b6800 VMThread [stack: 0x0000000018570000,0x0000000018670000] [id=9004]
  0x000000001754e000 WatcherThread [stack: 0x0000000019680000,0x0000000019780000] [id=8520]

VM state:not at safepoint (normal execution)

VM Mutex/Monitor currently owned by a thread: None

Heap:
 PSYoungGen      total 38400K, used 3336K [0x00000000d5f00000, 0x00000000d8980000, 0x0000000100000000)
  eden space 33280K, 10% used [0x00000000d5f00000,0x00000000d62420d8,0x00000000d7f80000)
  from space 5120K, 0% used [0x00000000d8480000,0x00000000d8480000,0x00000000d8980000)
  to   space 5120K, 0% used [0x00000000d7f80000,0x00000000d7f80000,0x00000000d8480000)
 ParOldGen       total 87552K, used 0K [0x0000000081c00000, 0x0000000087180000, 0x00000000d5f00000)
  object space 87552K, 0% used [0x0000000081c00000,0x0000000081c00000,0x0000000087180000)
 Metaspace       used 2946K, capacity 4562K, committed 4864K, reserved 1056768K
  class space    used 315K, capacity 386K, committed 512K, reserved 1048576K

Card table byte_map: [0x0000000011d80000,0x0000000012180000] byte_map_base: 0x0000000011972000

Marking Bits: (ParMarkBitMap*) 0x000000005eded490
 Begin Bits: [0x0000000012830000, 0x00000000147c0000)
 End Bits:   [0x00000000147c0000, 0x0000000016750000)

Polling page: 0x0000000000de0000

CodeCache: size=245760Kb used=1179Kb max_used=1179Kb free=244580Kb
 bounds [0x00000000029c0000, 0x0000000002c30000, 0x00000000119c0000]
 total_blobs=287 nmethods=58 adapters=151
 compilation: enabled

Compilation events (10 events):
Event: 0.380 Thread 0x000000001751c800   54       3       java.lang.AbstractStringBuilder::expandCapacity (50 bytes)
Event: 0.380 Thread 0x000000001751c800 nmethod 54 0x0000000002ae49d0 code [0x0000000002ae4b80, 0x0000000002ae50d8]
Event: 1.577 Thread 0x000000001751c800   55       3       java.lang.String::startsWith (7 bytes)
Event: 1.578 Thread 0x000000001751c800 nmethod 55 0x0000000002ae5310 code [0x0000000002ae5480, 0x0000000002ae56a8]
Event: 1.578 Thread 0x000000001751c800   56       3       java.io.WinNTFileSystem::normalize (143 bytes)
Event: 1.579 Thread 0x000000001751c800 nmethod 56 0x0000000002ae5750 code [0x0000000002ae5940, 0x0000000002ae61c8]
Event: 1.579 Thread 0x000000001751c800   57       1       java.net.URL::getFile (5 bytes)
Event: 1.579 Thread 0x000000001751c800 nmethod 57 0x0000000002ae65d0 code [0x0000000002ae6720, 0x0000000002ae6830]
Event: 12.113 Thread 0x000000001751c800   58       3       java.lang.StringBuilder::toString (17 bytes)
Event: 12.113 Thread 0x000000001751c800 nmethod 58 0x0000000002ae6890 code [0x0000000002ae6a00, 0x0000000002ae6c08]

GC Heap History (0 events):
No events

Deoptimization events (0 events):
No events

Internal exceptions (4 events):
Event: 0.037 Thread 0x00000000027d2800 Exception <a 'java/lang/NoSuchMethodError': Method sun.misc.Unsafe.defineClass(Ljava/lang/String;[BII)Ljava/lang/Class; name or signature does not match> (0x00000000d5f0cf20) thrown at [D:\re\workspace\8-2-build-windows-amd64-cygwin\jdk8u25\1677\hotspot\srº÷ù£˝Ì¢?
Event: 0.037 Thread 0x00000000027d2800 Exception <a 'java/lang/NoSuchMethodError': Method sun.misc.Unsafe.prefetchRead(Ljava/lang/Object;J)V name or signature does not match> (0x00000000d5f0d1b0) thrown at [D:\re\workspace\8-2-build-windows-amd64-cygwin\jdk8u25\1677\hotspot\src\share\vm\prims\jˇÖº_ï‘?
Event: 0.322 Thread 0x00000000027d2800 Exception <a 'java/security/PrivilegedActionException'> (0x00000000d5f6bc78) thrown at [D:\re\workspace\8-2-build-windows-amd64-cygwin\jdk8u25\1677\hotspot\src\share\vm\prims\jvm.cpp, line 1312]
Event: 1.577 Thread 0x00000000027d2800 Exception <a 'java/security/PrivilegedActionException'> (0x00000000d61c0fe0) thrown at [D:\re\workspace\8-2-build-windows-amd64-cygwin\jdk8u25\1677\hotspot\src\share\vm\prims\jvm.cpp, line 1312]

Events (10 events):
Event: 2350.269 Executing VM operation: ChangeBreakpoints
Event: 2350.269 Executing VM operation: ChangeBreakpoints done
Event: 2449.390 Executing VM operation: ChangeBreakpoints
Event: 2449.390 Executing VM operation: ChangeBreakpoints done
Event: 3193.239 Executing VM operation: ChangeBreakpoints
Event: 3193.240 Executing VM operation: ChangeBreakpoints done
Event: 3198.726 Executing VM operation: ChangeBreakpoints
Event: 3198.726 Executing VM operation: ChangeBreakpoints done
Event: 3198.729 Executing VM operation: RedefineClasses
Event: 3198.729 Executing VM operation: RedefineClasses done


Dynamic libraries:
0x00007ff76ff50000 - 0x00007ff76ff84000 	C:\Program Files\Java\jdk1.8.0_25\bin\java.exe
0x00007ff94cf00000 - 0x00007ff94d0ac000 	C:\WINDOWS\SYSTEM32\ntdll.dll
0x00007ff94a8c0000 - 0x00007ff94a9fe000 	C:\WINDOWS\system32\KERNEL32.DLL
0x00007ff94a300000 - 0x00007ff94a415000 	C:\WINDOWS\system32\KERNELBASE.dll
0x00007ff948bb0000 - 0x00007ff948c3e000 	C:\WINDOWS\system32\apphelp.dll
0x00007ff93ee30000 - 0x00007ff93ee83000 	C:\WINDOWS\AppPatch\AppPatch64\AcGenral.DLL
0x00007ff94ce50000 - 0x00007ff94cefa000 	C:\WINDOWS\system32\msvcrt.dll
0x00007ff949e80000 - 0x00007ff949eae000 	C:\WINDOWS\SYSTEM32\SspiCli.dll
0x00007ff94a580000 - 0x00007ff94a5d4000 	C:\WINDOWS\system32\SHLWAPI.dll
0x00007ff94abd0000 - 0x00007ff94ad47000 	C:\WINDOWS\system32\USER32.dll
0x00007ff94b110000 - 0x00007ff94b2a4000 	C:\WINDOWS\system32\ole32.dll
0x00007ff94b460000 - 0x00007ff94c978000 	C:\WINDOWS\system32\SHELL32.dll
0x00007ff9495f0000 - 0x00007ff949611000 	C:\WINDOWS\SYSTEM32\USERENV.dll
0x00007ff94aa00000 - 0x00007ff94aaaa000 	C:\WINDOWS\system32\ADVAPI32.dll
0x00007ff9408d0000 - 0x00007ff9408ee000 	C:\WINDOWS\SYSTEM32\MPR.dll
0x00007ff94c980000 - 0x00007ff94cac1000 	C:\WINDOWS\system32\RPCRT4.dll
0x00007ff94a6a0000 - 0x00007ff94a6f9000 	C:\WINDOWS\SYSTEM32\sechost.dll
0x00007ff94cc30000 - 0x00007ff94ce41000 	C:\WINDOWS\SYSTEM32\combase.dll
0x00007ff94cad0000 - 0x00007ff94cc21000 	C:\WINDOWS\system32\GDI32.dll
0x00007ff94a050000 - 0x00007ff94a065000 	C:\WINDOWS\SYSTEM32\profapi.dll
0x00007ff948580000 - 0x00007ff948632000 	C:\WINDOWS\SYSTEM32\SHCORE.dll
0x00007ff94aff0000 - 0x00007ff94b026000 	C:\WINDOWS\system32\IMM32.DLL
0x00007ff94a700000 - 0x00007ff94a853000 	C:\WINDOWS\system32\MSCTF.dll
0x00007ff947b60000 - 0x00007ff947ddb000 	C:\WINDOWS\WinSxS\amd64_microsoft.windows.common-controls_6595b64144ccf1df_6.0.9600.17415_none_6240486fecbd8abb\COMCTL32.dll
0x000000005ee70000 - 0x000000005ef42000 	C:\Program Files\Java\jdk1.8.0_25\jre\bin\msvcr100.dll
0x000000005e610000 - 0x000000005ee6a000 	C:\Program Files\Java\jdk1.8.0_25\jre\bin\server\jvm.dll
0x00007ff942450000 - 0x00007ff942459000 	C:\WINDOWS\SYSTEM32\WSOCK32.dll
0x00007ff9476d0000 - 0x00007ff9476f2000 	C:\WINDOWS\SYSTEM32\WINMM.dll
0x00007ff94b100000 - 0x00007ff94b107000 	C:\WINDOWS\system32\PSAPI.DLL
0x00007ff94a860000 - 0x00007ff94a8ba000 	C:\WINDOWS\system32\WS2_32.dll
0x00007ff947690000 - 0x00007ff9476ba000 	C:\WINDOWS\SYSTEM32\WINMMBASE.dll
0x00007ff94ab40000 - 0x00007ff94ab49000 	C:\WINDOWS\system32\NSI.dll
0x00007ff94a530000 - 0x00007ff94a57f000 	C:\WINDOWS\SYSTEM32\cfgmgr32.dll
0x00007ff948e30000 - 0x00007ff948e58000 	C:\WINDOWS\SYSTEM32\DEVOBJ.dll
0x000000005e600000 - 0x000000005e60f000 	C:\Program Files\Java\jdk1.8.0_25\jre\bin\verify.dll
0x000000005e5d0000 - 0x000000005e5f8000 	C:\Program Files\Java\jdk1.8.0_25\jre\bin\java.dll
0x000000005e550000 - 0x000000005e585000 	C:\Program Files\Java\jdk1.8.0_25\jre\bin\jdwp.dll
0x000000005e520000 - 0x000000005e528000 	C:\Program Files\Java\jdk1.8.0_25\jre\bin\npt.dll
0x000000005e5b0000 - 0x000000005e5c6000 	C:\Program Files\Java\jdk1.8.0_25\jre\bin\zip.dll
0x000000005e510000 - 0x000000005e519000 	C:\Program Files\Java\jdk1.8.0_25\jre\bin\dt_socket.dll
0x00007ff9490b0000 - 0x00007ff9490c6000 	C:\WINDOWS\system32\PrxerDrv.dll
0x00007ff949860000 - 0x00007ff9498b9000 	C:\WINDOWS\system32\mswsock.dll
0x00007ff9441f0000 - 0x00007ff94437a000 	C:\WINDOWS\SYSTEM32\dbghelp.dll

VM Arguments:
jvm_args: -agentlib:jdwp=transport=dt_socket,address=127.0.0.1:55312,suspend=y,server=n -Dfile.encoding=UTF-8 
java_command: vn.fall.thangpq.Main
java_class_path (initial): C:\Program Files\Java\jdk1.8.0_25\jre\lib\charsets.jar;C:\Program Files\Java\jdk1.8.0_25\jre\lib\deploy.jar;C:\Program Files\Java\jdk1.8.0_25\jre\lib\javaws.jar;C:\Program Files\Java\jdk1.8.0_25\jre\lib\jce.jar;C:\Program Files\Java\jdk1.8.0_25\jre\lib\jfr.jar;C:\Program Files\Java\jdk1.8.0_25\jre\lib\jfxswt.jar;C:\Program Files\Java\jdk1.8.0_25\jre\lib\jsse.jar;C:\Program Files\Java\jdk1.8.0_25\jre\lib\management-agent.jar;C:\Program Files\Java\jdk1.8.0_25\jre\lib\plugin.jar;C:\Program Files\Java\jdk1.8.0_25\jre\lib\resources.jar;C:\Program Files\Java\jdk1.8.0_25\jre\lib\rt.jar;C:\Program Files\Java\jdk1.8.0_25\jre\lib\ext\access-bridge-64.jar;C:\Program Files\Java\jdk1.8.0_25\jre\lib\ext\cldrdata.jar;C:\Program Files\Java\jdk1.8.0_25\jre\lib\ext\dnsns.jar;C:\Program Files\Java\jdk1.8.0_25\jre\lib\ext\jaccess.jar;C:\Program Files\Java\jdk1.8.0_25\jre\lib\ext\jfxrt.jar;C:\Program Files\Java\jdk1.8.0_25\jre\lib\ext\localedata.jar;C:\Program Files\Java\jdk1.8.0_25\jre\lib\ext\nashorn.jar;C:\Program Files\Java\jdk1.8.0_25\jre\lib\ext\sunec.jar;C:\Program Files\Java\jdk1.8.0_25\jre\lib\ext\sunjce_provider.jar;C:\Program Files\Java\jdk1.8.0_25\jre\lib\ext\sunmscapi.jar;C:\Program Files\Java\jdk1.8.0_25\jre\lib\ext\sunpkcs11.jar;C:\Program Files\Java\jdk1.8.0_25\jre\lib\ext\zipfs.jar;C:\Users\thang_000\IdeaProjects\ReadXML\out\production\ReadXML;C:\Program Files (x86)\JetBrains\IntelliJ IDEA Community Edition 14.0.2\lib\idea_rt.jar
Launcher Type: SUN_STANDARD

Environment Variables:
JAVA_HOME=C:\Program Files (x86)\Java\jdk1.7.0_71
PATH=C:\ProgramData\Oracle\Java\javapath;C:\Program Files (x86)\NVIDIA Corporation\PhysX\Common;C:\WINDOWS\system32;C:\WINDOWS;C:\WINDOWS\System32\Wbem;C:\WINDOWS\System32\WindowsPowerShell\v1.0\;C:\Program Files (x86)\Git\cmd;C:\Program Files\OpenVPN\bin;C:\Program Files (x86)\Windows Kits\8.1\Windows Performance Toolkit\;C:\Program Files\Microsoft SQL Server\110\Tools\Binn\;C:\Program Files (x86)\Microsoft SDKs\TypeScript\1.0\;C:\Program Files\Microsoft SQL Server\120\Tools\Binn\;C:\Program Files\Bandizip\7z
USERNAME=thang_000
OS=Windows_NT
PROCESSOR_IDENTIFIER=Intel64 Family 6 Model 58 Stepping 9, GenuineIntel



---------------  S Y S T E M  ---------------

OS: Windows 8.1 , 64 bit Build 9600 

CPU:total 4 (2 cores per cpu, 2 threads per core) family 6 model 58 stepping 9, cmov, cx8, fxsr, mmx, sse, sse2, sse3, ssse3, sse4.1, sse4.2, popcnt, avx, aes, clmul, erms, ht, tsc, tscinvbit, tscinv

Memory: 4k page, physical 8271456k(4254192k free), swap 9582176k(3064976k free)

vm_info: Java HotSpot(TM) 64-Bit Server VM (25.25-b02) for windows-amd64 JRE (1.8.0_25-b18), built on Oct  7 2014 14:25:37 by "java_re" with MS VC++ 10.0 (VS2010)

time: Sat Jan 10 11:59:22 2015
elapsed time: 3198 seconds (0d 0h 53m 18s)

